{"name":"testLoginForm","status":"broken","statusDetails":{"known":false,"muted":false,"flaky":true,"message":"element click intercepted: Element <a class=\"gk-header-top-menu-link\" href=\"https://secure.gurock.com/customers/auth/login/\">...</a> is not clickable at point (702, 15). Other element would receive the click: <div id=\"cookiescript_injected\" tabindex=\"0\" role=\"alert\" aria-live=\"assertive\" data-nosnippet=\"\" class=\"\" style=\"\">...</div>\n  (Session info: chrome=107.0.5304.110)\nBuild info: version: '4.1.1', revision: 'e8fcc2cecf'\nSystem info: host: 'oleh', ip: '127.0.1.1', os.name: 'Linux', os.arch: 'amd64', os.version: '5.15.0-53-generic', java.version: '11.0.17'\nDriver info: org.openqa.selenium.chrome.ChromeDriver\nCommand: [d21c7cc46079bd2d65c970e00405350d, clickElement {id=ee2a73cb-4d96-4e21-af9f-54f2d69b529d}]\nCapabilities {acceptInsecureCerts: false, browserName: chrome, browserVersion: 107.0.5304.110, chrome: {chromedriverVersion: 107.0.5304.62 (1eec40d3a576..., userDataDir: /tmp/.com.google.Chrome.mupva3}, goog:chromeOptions: {debuggerAddress: localhost:40277}, javascriptEnabled: true, networkConnectionEnabled: false, pageLoadStrategy: normal, platform: LINUX, platformName: LINUX, proxy: Proxy(), se:cdp: ws://localhost:40277/devtoo..., se:cdpVersion: 107.0.5304.110, setWindowRect: true, strictFileInteractability: false, timeouts: {implicit: 0, pageLoad: 300000, script: 30000}, unhandledPromptBehavior: dismiss and notify, webauthn:extension:credBlob: true, webauthn:extension:largeBlob: true, webauthn:virtualAuthenticators: true}\nElement: [[ChromeDriver: chrome on LINUX (d21c7cc46079bd2d65c970e00405350d)] -> xpath: //a[contains(text(),'My Account')]]\nSession ID: d21c7cc46079bd2d65c970e00405350d","trace":"org.openqa.selenium.ElementClickInterceptedException: element click intercepted: Element <a class=\"gk-header-top-menu-link\" href=\"https://secure.gurock.com/customers/auth/login/\">...</a> is not clickable at point (702, 15). Other element would receive the click: <div id=\"cookiescript_injected\" tabindex=\"0\" role=\"alert\" aria-live=\"assertive\" data-nosnippet=\"\" class=\"\" style=\"\">...</div>\n  (Session info: chrome=107.0.5304.110)\nBuild info: version: '4.1.1', revision: 'e8fcc2cecf'\nSystem info: host: 'oleh', ip: '127.0.1.1', os.name: 'Linux', os.arch: 'amd64', os.version: '5.15.0-53-generic', java.version: '11.0.17'\nDriver info: org.openqa.selenium.chrome.ChromeDriver\nCommand: [d21c7cc46079bd2d65c970e00405350d, clickElement {id=ee2a73cb-4d96-4e21-af9f-54f2d69b529d}]\nCapabilities {acceptInsecureCerts: false, browserName: chrome, browserVersion: 107.0.5304.110, chrome: {chromedriverVersion: 107.0.5304.62 (1eec40d3a576..., userDataDir: /tmp/.com.google.Chrome.mupva3}, goog:chromeOptions: {debuggerAddress: localhost:40277}, javascriptEnabled: true, networkConnectionEnabled: false, pageLoadStrategy: normal, platform: LINUX, platformName: LINUX, proxy: Proxy(), se:cdp: ws://localhost:40277/devtoo..., se:cdpVersion: 107.0.5304.110, setWindowRect: true, strictFileInteractability: false, timeouts: {implicit: 0, pageLoad: 300000, script: 30000}, unhandledPromptBehavior: dismiss and notify, webauthn:extension:credBlob: true, webauthn:extension:largeBlob: true, webauthn:virtualAuthenticators: true}\nElement: [[ChromeDriver: chrome on LINUX (d21c7cc46079bd2d65c970e00405350d)] -> xpath: //a[contains(text(),'My Account')]]\nSession ID: d21c7cc46079bd2d65c970e00405350d\n\tat java.base/jdk.internal.reflect.NativeConstructorAccessorImpl.newInstance0(Native Method)\n\tat java.base/jdk.internal.reflect.NativeConstructorAccessorImpl.newInstance(NativeConstructorAccessorImpl.java:62)\n\tat java.base/jdk.internal.reflect.DelegatingConstructorAccessorImpl.newInstance(DelegatingConstructorAccessorImpl.java:45)\n\tat java.base/java.lang.reflect.Constructor.newInstance(Constructor.java:490)\n\tat org.openqa.selenium.remote.codec.w3c.W3CHttpResponseCodec.createException(W3CHttpResponseCodec.java:200)\n\tat org.openqa.selenium.remote.codec.w3c.W3CHttpResponseCodec.decode(W3CHttpResponseCodec.java:133)\n\tat org.openqa.selenium.remote.codec.w3c.W3CHttpResponseCodec.decode(W3CHttpResponseCodec.java:53)\n\tat org.openqa.selenium.remote.HttpCommandExecutor.execute(HttpCommandExecutor.java:184)\n\tat org.openqa.selenium.remote.service.DriverCommandExecutor.invokeExecute(DriverCommandExecutor.java:167)\n\tat org.openqa.selenium.remote.service.DriverCommandExecutor.execute(DriverCommandExecutor.java:142)\n\tat org.openqa.selenium.remote.RemoteWebDriver.execute(RemoteWebDriver.java:543)\n\tat org.openqa.selenium.remote.RemoteWebElement.execute(RemoteWebElement.java:251)\n\tat org.openqa.selenium.remote.RemoteWebElement.click(RemoteWebElement.java:77)\n\tat com.ex.ui.pages.admin.MainPage.clickOnMyAccountLink(MainPage.java:20)\n\tat com.ex.ui.FirstSuite.testLoginForm(FirstSuite.java:15)\n\tat java.base/jdk.internal.reflect.NativeMethodAccessorImpl.invoke0(Native Method)\n\tat java.base/jdk.internal.reflect.NativeMethodAccessorImpl.invoke(NativeMethodAccessorImpl.java:62)\n\tat java.base/jdk.internal.reflect.DelegatingMethodAccessorImpl.invoke(DelegatingMethodAccessorImpl.java:43)\n\tat java.base/java.lang.reflect.Method.invoke(Method.java:566)\n\tat org.testng.internal.MethodInvocationHelper.invokeMethod(MethodInvocationHelper.java:133)\n\tat org.testng.internal.TestInvoker.invokeMethod(TestInvoker.java:598)\n\tat org.testng.internal.TestInvoker.invokeTestMethod(TestInvoker.java:173)\n\tat org.testng.internal.MethodRunner.runInSequence(MethodRunner.java:46)\n\tat org.testng.internal.TestInvoker$MethodInvocationAgent.invoke(TestInvoker.java:824)\n\tat org.testng.internal.TestInvoker.invokeTestMethods(TestInvoker.java:146)\n\tat org.testng.internal.TestMethodWorker.invokeTestMethods(TestMethodWorker.java:146)\n\tat org.testng.internal.TestMethodWorker.run(TestMethodWorker.java:128)\n\tat java.base/java.util.concurrent.ThreadPoolExecutor.runWorker(ThreadPoolExecutor.java:1128)\n\tat java.base/java.util.concurrent.ThreadPoolExecutor$Worker.run(ThreadPoolExecutor.java:628)\n\tat java.base/java.lang.Thread.run(Thread.java:829)\n"},"stage":"finished","steps":[{"name":"Click on my account link step","status":"broken","statusDetails":{"known":false,"muted":false,"flaky":false,"message":"element click intercepted: Element <a class=\"gk-header-top-menu-link\" href=\"https://secure.gurock.com/customers/auth/login/\">...</a> is not clickable at point (702, 15). Other element would receive the click: <div id=\"cookiescript_injected\" tabindex=\"0\" role=\"alert\" aria-live=\"assertive\" data-nosnippet=\"\" class=\"\" style=\"\">...</div>\n  (Session info: chrome=107.0.5304.110)\nBuild info: version: '4.1.1', revision: 'e8fcc2cecf'\nSystem info: host: 'oleh', ip: '127.0.1.1', os.name: 'Linux', os.arch: 'amd64', os.version: '5.15.0-53-generic', java.version: '11.0.17'\nDriver info: org.openqa.selenium.chrome.ChromeDriver\nCommand: [d21c7cc46079bd2d65c970e00405350d, clickElement {id=ee2a73cb-4d96-4e21-af9f-54f2d69b529d}]\nCapabilities {acceptInsecureCerts: false, browserName: chrome, browserVersion: 107.0.5304.110, chrome: {chromedriverVersion: 107.0.5304.62 (1eec40d3a576..., userDataDir: /tmp/.com.google.Chrome.mupva3}, goog:chromeOptions: {debuggerAddress: localhost:40277}, javascriptEnabled: true, networkConnectionEnabled: false, pageLoadStrategy: normal, platform: LINUX, platformName: LINUX, proxy: Proxy(), se:cdp: ws://localhost:40277/devtoo..., se:cdpVersion: 107.0.5304.110, setWindowRect: true, strictFileInteractability: false, timeouts: {implicit: 0, pageLoad: 300000, script: 30000}, unhandledPromptBehavior: dismiss and notify, webauthn:extension:credBlob: true, webauthn:extension:largeBlob: true, webauthn:virtualAuthenticators: true}\nElement: [[ChromeDriver: chrome on LINUX (d21c7cc46079bd2d65c970e00405350d)] -> xpath: //a[contains(text(),'My Account')]]\nSession ID: d21c7cc46079bd2d65c970e00405350d","trace":"org.openqa.selenium.ElementClickInterceptedException: element click intercepted: Element <a class=\"gk-header-top-menu-link\" href=\"https://secure.gurock.com/customers/auth/login/\">...</a> is not clickable at point (702, 15). Other element would receive the click: <div id=\"cookiescript_injected\" tabindex=\"0\" role=\"alert\" aria-live=\"assertive\" data-nosnippet=\"\" class=\"\" style=\"\">...</div>\n  (Session info: chrome=107.0.5304.110)\nBuild info: version: '4.1.1', revision: 'e8fcc2cecf'\nSystem info: host: 'oleh', ip: '127.0.1.1', os.name: 'Linux', os.arch: 'amd64', os.version: '5.15.0-53-generic', java.version: '11.0.17'\nDriver info: org.openqa.selenium.chrome.ChromeDriver\nCommand: [d21c7cc46079bd2d65c970e00405350d, clickElement {id=ee2a73cb-4d96-4e21-af9f-54f2d69b529d}]\nCapabilities {acceptInsecureCerts: false, browserName: chrome, browserVersion: 107.0.5304.110, chrome: {chromedriverVersion: 107.0.5304.62 (1eec40d3a576..., userDataDir: /tmp/.com.google.Chrome.mupva3}, goog:chromeOptions: {debuggerAddress: localhost:40277}, javascriptEnabled: true, networkConnectionEnabled: false, pageLoadStrategy: normal, platform: LINUX, platformName: LINUX, proxy: Proxy(), se:cdp: ws://localhost:40277/devtoo..., se:cdpVersion: 107.0.5304.110, setWindowRect: true, strictFileInteractability: false, timeouts: {implicit: 0, pageLoad: 300000, script: 30000}, unhandledPromptBehavior: dismiss and notify, webauthn:extension:credBlob: true, webauthn:extension:largeBlob: true, webauthn:virtualAuthenticators: true}\nElement: [[ChromeDriver: chrome on LINUX (d21c7cc46079bd2d65c970e00405350d)] -> xpath: //a[contains(text(),'My Account')]]\nSession ID: d21c7cc46079bd2d65c970e00405350d\n\tat java.base/jdk.internal.reflect.NativeConstructorAccessorImpl.newInstance0(Native Method)\n\tat java.base/jdk.internal.reflect.NativeConstructorAccessorImpl.newInstance(NativeConstructorAccessorImpl.java:62)\n\tat java.base/jdk.internal.reflect.DelegatingConstructorAccessorImpl.newInstance(DelegatingConstructorAccessorImpl.java:45)\n\tat java.base/java.lang.reflect.Constructor.newInstance(Constructor.java:490)\n\tat org.openqa.selenium.remote.codec.w3c.W3CHttpResponseCodec.createException(W3CHttpResponseCodec.java:200)\n\tat org.openqa.selenium.remote.codec.w3c.W3CHttpResponseCodec.decode(W3CHttpResponseCodec.java:133)\n\tat org.openqa.selenium.remote.codec.w3c.W3CHttpResponseCodec.decode(W3CHttpResponseCodec.java:53)\n\tat org.openqa.selenium.remote.HttpCommandExecutor.execute(HttpCommandExecutor.java:184)\n\tat org.openqa.selenium.remote.service.DriverCommandExecutor.invokeExecute(DriverCommandExecutor.java:167)\n\tat org.openqa.selenium.remote.service.DriverCommandExecutor.execute(DriverCommandExecutor.java:142)\n\tat org.openqa.selenium.remote.RemoteWebDriver.execute(RemoteWebDriver.java:543)\n\tat org.openqa.selenium.remote.RemoteWebElement.execute(RemoteWebElement.java:251)\n\tat org.openqa.selenium.remote.RemoteWebElement.click(RemoteWebElement.java:77)\n\tat com.ex.ui.pages.admin.MainPage.clickOnMyAccountLink(MainPage.java:20)\n\tat com.ex.ui.FirstSuite.testLoginForm(FirstSuite.java:15)\n\tat java.base/jdk.internal.reflect.NativeMethodAccessorImpl.invoke0(Native Method)\n\tat java.base/jdk.internal.reflect.NativeMethodAccessorImpl.invoke(NativeMethodAccessorImpl.java:62)\n\tat java.base/jdk.internal.reflect.DelegatingMethodAccessorImpl.invoke(DelegatingMethodAccessorImpl.java:43)\n\tat java.base/java.lang.reflect.Method.invoke(Method.java:566)\n\tat org.testng.internal.MethodInvocationHelper.invokeMethod(MethodInvocationHelper.java:133)\n\tat org.testng.internal.TestInvoker.invokeMethod(TestInvoker.java:598)\n\tat org.testng.internal.TestInvoker.invokeTestMethod(TestInvoker.java:173)\n\tat org.testng.internal.MethodRunner.runInSequence(MethodRunner.java:46)\n\tat org.testng.internal.TestInvoker$MethodInvocationAgent.invoke(TestInvoker.java:824)\n\tat org.testng.internal.TestInvoker.invokeTestMethods(TestInvoker.java:146)\n\tat org.testng.internal.TestMethodWorker.invokeTestMethods(TestMethodWorker.java:146)\n\tat org.testng.internal.TestMethodWorker.run(TestMethodWorker.java:128)\n\tat java.base/java.util.concurrent.ThreadPoolExecutor.runWorker(ThreadPoolExecutor.java:1128)\n\tat java.base/java.util.concurrent.ThreadPoolExecutor$Worker.run(ThreadPoolExecutor.java:628)\n\tat java.base/java.lang.Thread.run(Thread.java:829)\n"},"stage":"finished","steps":[],"attachments":[],"parameters":[],"start":1669313061657,"stop":1669313062886}],"attachments":[],"parameters":[],"start":1669313059905,"stop":1669313062970,"uuid":"1dafbb04-71be-4b28-9384-964e2ce01ff4","historyId":"c0fb0ad8b9577abf6243ff64683b3246","fullName":"com.ex.ui.FirstSuite.testLoginForm","labels":[{"name":"package","value":"com.ex.ui.FirstSuite"},{"name":"testClass","value":"com.ex.ui.FirstSuite"},{"name":"testMethod","value":"testLoginForm"},{"name":"parentSuite","value":"Suite1"},{"name":"suite","value":"Regression"},{"name":"subSuite","value":"com.ex.ui.FirstSuite"},{"name":"host","value":"oleh"},{"name":"thread","value":"8814@oleh.TestNG-test=Regression-1(20)"},{"name":"framework","value":"testng"},{"name":"language","value":"java"},{"name":"severity","value":"blocker"}],"links":[]}