{"name":"testLoginForm2","status":"broken","statusDetails":{"known":false,"muted":false,"flaky":false,"message":"element click intercepted: Element <a class=\"gk-header-top-menu-link\" href=\"https://secure.gurock.com/customers/auth/login/\">...</a> is not clickable at point (702, 15). Other element would receive the click: <div id=\"cookiescript_injected\" tabindex=\"0\" role=\"alert\" aria-live=\"assertive\" data-nosnippet=\"\" class=\"\" style=\"\">...</div>\n  (Session info: chrome=107.0.5304.110)\nBuild info: version: '4.1.1', revision: 'e8fcc2cecf'\nSystem info: host: 'oleh', ip: '127.0.1.1', os.name: 'Linux', os.arch: 'amd64', os.version: '5.15.0-53-generic', java.version: '1.8.0_352'\nDriver info: org.openqa.selenium.chrome.ChromeDriver\nCommand: [54c10f34b0a776c36e885eed3f9c6f81, clickElement {id=d59d06c8-2b15-474e-863c-864be37aedd2}]\nCapabilities {acceptInsecureCerts: false, browserName: chrome, browserVersion: 107.0.5304.110, chrome: {chromedriverVersion: 107.0.5304.62 (1eec40d3a576..., userDataDir: /tmp/.com.google.Chrome.p0d581}, goog:chromeOptions: {debuggerAddress: localhost:39729}, javascriptEnabled: true, networkConnectionEnabled: false, pageLoadStrategy: normal, platform: LINUX, platformName: LINUX, proxy: Proxy(), se:cdp: ws://localhost:39729/devtoo..., se:cdpVersion: 107.0.5304.110, setWindowRect: true, strictFileInteractability: false, timeouts: {implicit: 0, pageLoad: 300000, script: 30000}, unhandledPromptBehavior: dismiss and notify, webauthn:extension:credBlob: true, webauthn:extension:largeBlob: true, webauthn:virtualAuthenticators: true}\nElement: [[ChromeDriver: chrome on LINUX (54c10f34b0a776c36e885eed3f9c6f81)] -> xpath: //a[contains(text(),'My Account')]]\nSession ID: 54c10f34b0a776c36e885eed3f9c6f81","trace":"org.openqa.selenium.ElementClickInterceptedException: element click intercepted: Element <a class=\"gk-header-top-menu-link\" href=\"https://secure.gurock.com/customers/auth/login/\">...</a> is not clickable at point (702, 15). Other element would receive the click: <div id=\"cookiescript_injected\" tabindex=\"0\" role=\"alert\" aria-live=\"assertive\" data-nosnippet=\"\" class=\"\" style=\"\">...</div>\n  (Session info: chrome=107.0.5304.110)\nBuild info: version: '4.1.1', revision: 'e8fcc2cecf'\nSystem info: host: 'oleh', ip: '127.0.1.1', os.name: 'Linux', os.arch: 'amd64', os.version: '5.15.0-53-generic', java.version: '1.8.0_352'\nDriver info: org.openqa.selenium.chrome.ChromeDriver\nCommand: [54c10f34b0a776c36e885eed3f9c6f81, clickElement {id=d59d06c8-2b15-474e-863c-864be37aedd2}]\nCapabilities {acceptInsecureCerts: false, browserName: chrome, browserVersion: 107.0.5304.110, chrome: {chromedriverVersion: 107.0.5304.62 (1eec40d3a576..., userDataDir: /tmp/.com.google.Chrome.p0d581}, goog:chromeOptions: {debuggerAddress: localhost:39729}, javascriptEnabled: true, networkConnectionEnabled: false, pageLoadStrategy: normal, platform: LINUX, platformName: LINUX, proxy: Proxy(), se:cdp: ws://localhost:39729/devtoo..., se:cdpVersion: 107.0.5304.110, setWindowRect: true, strictFileInteractability: false, timeouts: {implicit: 0, pageLoad: 300000, script: 30000}, unhandledPromptBehavior: dismiss and notify, webauthn:extension:credBlob: true, webauthn:extension:largeBlob: true, webauthn:virtualAuthenticators: true}\nElement: [[ChromeDriver: chrome on LINUX (54c10f34b0a776c36e885eed3f9c6f81)] -> xpath: //a[contains(text(),'My Account')]]\nSession ID: 54c10f34b0a776c36e885eed3f9c6f81\n\tat sun.reflect.NativeConstructorAccessorImpl.newInstance0(Native Method)\n\tat sun.reflect.NativeConstructorAccessorImpl.newInstance(NativeConstructorAccessorImpl.java:62)\n\tat sun.reflect.DelegatingConstructorAccessorImpl.newInstance(DelegatingConstructorAccessorImpl.java:45)\n\tat java.lang.reflect.Constructor.newInstance(Constructor.java:423)\n\tat org.openqa.selenium.remote.codec.w3c.W3CHttpResponseCodec.createException(W3CHttpResponseCodec.java:200)\n\tat org.openqa.selenium.remote.codec.w3c.W3CHttpResponseCodec.decode(W3CHttpResponseCodec.java:133)\n\tat org.openqa.selenium.remote.codec.w3c.W3CHttpResponseCodec.decode(W3CHttpResponseCodec.java:53)\n\tat org.openqa.selenium.remote.HttpCommandExecutor.execute(HttpCommandExecutor.java:184)\n\tat org.openqa.selenium.remote.service.DriverCommandExecutor.invokeExecute(DriverCommandExecutor.java:167)\n\tat org.openqa.selenium.remote.service.DriverCommandExecutor.execute(DriverCommandExecutor.java:142)\n\tat org.openqa.selenium.remote.RemoteWebDriver.execute(RemoteWebDriver.java:543)\n\tat org.openqa.selenium.remote.RemoteWebElement.execute(RemoteWebElement.java:251)\n\tat org.openqa.selenium.remote.RemoteWebElement.click(RemoteWebElement.java:77)\n\tat com.ex.ui.pages.admin.MainPage.clickOnMyAccountLink(MainPage.java:20)\n\tat com.ex.ui.SecondSuite.testLoginForm2(SecondSuite.java:10)\n\tat sun.reflect.NativeMethodAccessorImpl.invoke0(Native Method)\n\tat sun.reflect.NativeMethodAccessorImpl.invoke(NativeMethodAccessorImpl.java:62)\n\tat sun.reflect.DelegatingMethodAccessorImpl.invoke(DelegatingMethodAccessorImpl.java:43)\n\tat java.lang.reflect.Method.invoke(Method.java:498)\n\tat org.testng.internal.MethodInvocationHelper.invokeMethod(MethodInvocationHelper.java:133)\n\tat org.testng.internal.TestInvoker.invokeMethod(TestInvoker.java:598)\n\tat org.testng.internal.TestInvoker.invokeTestMethod(TestInvoker.java:173)\n\tat org.testng.internal.MethodRunner.runInSequence(MethodRunner.java:46)\n\tat org.testng.internal.TestInvoker$MethodInvocationAgent.invoke(TestInvoker.java:824)\n\tat org.testng.internal.TestInvoker.invokeTestMethods(TestInvoker.java:146)\n\tat org.testng.internal.TestMethodWorker.invokeTestMethods(TestMethodWorker.java:146)\n\tat org.testng.internal.TestMethodWorker.run(TestMethodWorker.java:128)\n\tat java.util.ArrayList.forEach(ArrayList.java:1259)\n\tat org.testng.TestRunner.privateRun(TestRunner.java:794)\n\tat org.testng.TestRunner.run(TestRunner.java:596)\n\tat org.testng.SuiteRunner.runTest(SuiteRunner.java:377)\n\tat org.testng.SuiteRunner.runSequentially(SuiteRunner.java:371)\n\tat org.testng.SuiteRunner.privateRun(SuiteRunner.java:332)\n\tat org.testng.SuiteRunner.run(SuiteRunner.java:276)\n\tat org.testng.SuiteRunnerWorker.runSuite(SuiteRunnerWorker.java:53)\n\tat org.testng.SuiteRunnerWorker.run(SuiteRunnerWorker.java:96)\n\tat org.testng.TestNG.runSuitesSequentially(TestNG.java:1212)\n\tat org.testng.TestNG.runSuitesLocally(TestNG.java:1134)\n\tat org.testng.TestNG.runSuites(TestNG.java:1063)\n\tat org.testng.TestNG.run(TestNG.java:1031)\n\tat com.intellij.rt.testng.IDEARemoteTestNG.run(IDEARemoteTestNG.java:66)\n\tat com.intellij.rt.testng.RemoteTestNGStarter.main(RemoteTestNGStarter.java:109)\n"},"stage":"finished","steps":[{"name":"Click on my account link step","status":"broken","statusDetails":{"known":false,"muted":false,"flaky":false,"message":"element click intercepted: Element <a class=\"gk-header-top-menu-link\" href=\"https://secure.gurock.com/customers/auth/login/\">...</a> is not clickable at point (702, 15). Other element would receive the click: <div id=\"cookiescript_injected\" tabindex=\"0\" role=\"alert\" aria-live=\"assertive\" data-nosnippet=\"\" class=\"\" style=\"\">...</div>\n  (Session info: chrome=107.0.5304.110)\nBuild info: version: '4.1.1', revision: 'e8fcc2cecf'\nSystem info: host: 'oleh', ip: '127.0.1.1', os.name: 'Linux', os.arch: 'amd64', os.version: '5.15.0-53-generic', java.version: '1.8.0_352'\nDriver info: org.openqa.selenium.chrome.ChromeDriver\nCommand: [54c10f34b0a776c36e885eed3f9c6f81, clickElement {id=d59d06c8-2b15-474e-863c-864be37aedd2}]\nCapabilities {acceptInsecureCerts: false, browserName: chrome, browserVersion: 107.0.5304.110, chrome: {chromedriverVersion: 107.0.5304.62 (1eec40d3a576..., userDataDir: /tmp/.com.google.Chrome.p0d581}, goog:chromeOptions: {debuggerAddress: localhost:39729}, javascriptEnabled: true, networkConnectionEnabled: false, pageLoadStrategy: normal, platform: LINUX, platformName: LINUX, proxy: Proxy(), se:cdp: ws://localhost:39729/devtoo..., se:cdpVersion: 107.0.5304.110, setWindowRect: true, strictFileInteractability: false, timeouts: {implicit: 0, pageLoad: 300000, script: 30000}, unhandledPromptBehavior: dismiss and notify, webauthn:extension:credBlob: true, webauthn:extension:largeBlob: true, webauthn:virtualAuthenticators: true}\nElement: [[ChromeDriver: chrome on LINUX (54c10f34b0a776c36e885eed3f9c6f81)] -> xpath: //a[contains(text(),'My Account')]]\nSession ID: 54c10f34b0a776c36e885eed3f9c6f81","trace":"org.openqa.selenium.ElementClickInterceptedException: element click intercepted: Element <a class=\"gk-header-top-menu-link\" href=\"https://secure.gurock.com/customers/auth/login/\">...</a> is not clickable at point (702, 15). Other element would receive the click: <div id=\"cookiescript_injected\" tabindex=\"0\" role=\"alert\" aria-live=\"assertive\" data-nosnippet=\"\" class=\"\" style=\"\">...</div>\n  (Session info: chrome=107.0.5304.110)\nBuild info: version: '4.1.1', revision: 'e8fcc2cecf'\nSystem info: host: 'oleh', ip: '127.0.1.1', os.name: 'Linux', os.arch: 'amd64', os.version: '5.15.0-53-generic', java.version: '1.8.0_352'\nDriver info: org.openqa.selenium.chrome.ChromeDriver\nCommand: [54c10f34b0a776c36e885eed3f9c6f81, clickElement {id=d59d06c8-2b15-474e-863c-864be37aedd2}]\nCapabilities {acceptInsecureCerts: false, browserName: chrome, browserVersion: 107.0.5304.110, chrome: {chromedriverVersion: 107.0.5304.62 (1eec40d3a576..., userDataDir: /tmp/.com.google.Chrome.p0d581}, goog:chromeOptions: {debuggerAddress: localhost:39729}, javascriptEnabled: true, networkConnectionEnabled: false, pageLoadStrategy: normal, platform: LINUX, platformName: LINUX, proxy: Proxy(), se:cdp: ws://localhost:39729/devtoo..., se:cdpVersion: 107.0.5304.110, setWindowRect: true, strictFileInteractability: false, timeouts: {implicit: 0, pageLoad: 300000, script: 30000}, unhandledPromptBehavior: dismiss and notify, webauthn:extension:credBlob: true, webauthn:extension:largeBlob: true, webauthn:virtualAuthenticators: true}\nElement: [[ChromeDriver: chrome on LINUX (54c10f34b0a776c36e885eed3f9c6f81)] -> xpath: //a[contains(text(),'My Account')]]\nSession ID: 54c10f34b0a776c36e885eed3f9c6f81\n\tat sun.reflect.NativeConstructorAccessorImpl.newInstance0(Native Method)\n\tat sun.reflect.NativeConstructorAccessorImpl.newInstance(NativeConstructorAccessorImpl.java:62)\n\tat sun.reflect.DelegatingConstructorAccessorImpl.newInstance(DelegatingConstructorAccessorImpl.java:45)\n\tat java.lang.reflect.Constructor.newInstance(Constructor.java:423)\n\tat org.openqa.selenium.remote.codec.w3c.W3CHttpResponseCodec.createException(W3CHttpResponseCodec.java:200)\n\tat org.openqa.selenium.remote.codec.w3c.W3CHttpResponseCodec.decode(W3CHttpResponseCodec.java:133)\n\tat org.openqa.selenium.remote.codec.w3c.W3CHttpResponseCodec.decode(W3CHttpResponseCodec.java:53)\n\tat org.openqa.selenium.remote.HttpCommandExecutor.execute(HttpCommandExecutor.java:184)\n\tat org.openqa.selenium.remote.service.DriverCommandExecutor.invokeExecute(DriverCommandExecutor.java:167)\n\tat org.openqa.selenium.remote.service.DriverCommandExecutor.execute(DriverCommandExecutor.java:142)\n\tat org.openqa.selenium.remote.RemoteWebDriver.execute(RemoteWebDriver.java:543)\n\tat org.openqa.selenium.remote.RemoteWebElement.execute(RemoteWebElement.java:251)\n\tat org.openqa.selenium.remote.RemoteWebElement.click(RemoteWebElement.java:77)\n\tat com.ex.ui.pages.admin.MainPage.clickOnMyAccountLink(MainPage.java:20)\n\tat com.ex.ui.SecondSuite.testLoginForm2(SecondSuite.java:10)\n\tat sun.reflect.NativeMethodAccessorImpl.invoke0(Native Method)\n\tat sun.reflect.NativeMethodAccessorImpl.invoke(NativeMethodAccessorImpl.java:62)\n\tat sun.reflect.DelegatingMethodAccessorImpl.invoke(DelegatingMethodAccessorImpl.java:43)\n\tat java.lang.reflect.Method.invoke(Method.java:498)\n\tat org.testng.internal.MethodInvocationHelper.invokeMethod(MethodInvocationHelper.java:133)\n\tat org.testng.internal.TestInvoker.invokeMethod(TestInvoker.java:598)\n\tat org.testng.internal.TestInvoker.invokeTestMethod(TestInvoker.java:173)\n\tat org.testng.internal.MethodRunner.runInSequence(MethodRunner.java:46)\n\tat org.testng.internal.TestInvoker$MethodInvocationAgent.invoke(TestInvoker.java:824)\n\tat org.testng.internal.TestInvoker.invokeTestMethods(TestInvoker.java:146)\n\tat org.testng.internal.TestMethodWorker.invokeTestMethods(TestMethodWorker.java:146)\n\tat org.testng.internal.TestMethodWorker.run(TestMethodWorker.java:128)\n\tat java.util.ArrayList.forEach(ArrayList.java:1259)\n\tat org.testng.TestRunner.privateRun(TestRunner.java:794)\n\tat org.testng.TestRunner.run(TestRunner.java:596)\n\tat org.testng.SuiteRunner.runTest(SuiteRunner.java:377)\n\tat org.testng.SuiteRunner.runSequentially(SuiteRunner.java:371)\n\tat org.testng.SuiteRunner.privateRun(SuiteRunner.java:332)\n\tat org.testng.SuiteRunner.run(SuiteRunner.java:276)\n\tat org.testng.SuiteRunnerWorker.runSuite(SuiteRunnerWorker.java:53)\n\tat org.testng.SuiteRunnerWorker.run(SuiteRunnerWorker.java:96)\n\tat org.testng.TestNG.runSuitesSequentially(TestNG.java:1212)\n\tat org.testng.TestNG.runSuitesLocally(TestNG.java:1134)\n\tat org.testng.TestNG.runSuites(TestNG.java:1063)\n\tat org.testng.TestNG.run(TestNG.java:1031)\n\tat com.intellij.rt.testng.IDEARemoteTestNG.run(IDEARemoteTestNG.java:66)\n\tat com.intellij.rt.testng.RemoteTestNGStarter.main(RemoteTestNGStarter.java:109)\n"},"stage":"finished","steps":[],"attachments":[],"parameters":[],"start":1669313432594,"stop":1669313433765}],"attachments":[],"parameters":[],"start":1669313431530,"stop":1669313433780,"uuid":"dede2084-24cb-4ec7-9643-8a521e135ceb","historyId":"e4da0b4735ee6325d4606010663f5935","fullName":"com.ex.ui.SecondSuite.testLoginForm2","labels":[{"name":"package","value":"com.ex.ui.SecondSuite"},{"name":"testClass","value":"com.ex.ui.SecondSuite"},{"name":"testMethod","value":"testLoginForm2"},{"name":"parentSuite","value":"Default Suite"},{"name":"suite","value":"lesson28testng"},{"name":"subSuite","value":"com.ex.ui.SecondSuite"},{"name":"host","value":"oleh"},{"name":"thread","value":"10049@oleh.main(1)"},{"name":"framework","value":"testng"},{"name":"language","value":"java"}],"links":[]}